2020-08-13 11:57:34,681 INFO  [log] 2 and 3
2020-08-13 11:57:34,706 INFO  [log] Sravanitanukonda987@gmail.com
2020-08-13 11:57:34,723 INFO  [log] Sravani
2020-08-13 11:57:34,728 INFO  [log] Tanukonda
2020-08-13 11:57:47,670 INFO  [log] Status: FINISHED, time taken for TestCase was: 12725 ms
2020-08-13 11:57:47,711 INFO  [log] Number of test steps which ran: 6
2020-08-13 12:12:10,138 INFO  [log] 2 and 3
2020-08-13 12:12:10,168 INFO  [log] Sravanitanukonda987@gmail.com
2020-08-13 12:12:10,188 INFO  [log] Sravani
2020-08-13 12:12:10,203 INFO  [log] Tanukonda
2020-08-13 12:12:21,737 INFO  [log] Status: FINISHED, time taken for TestCase was: 11261 ms
2020-08-13 12:12:21,782 INFO  [log] Number of test steps which ran: 6
2020-08-13 17:30:57,359 INFO  [log] 2 and 3
2020-08-13 17:30:57,378 INFO  [log] Sravanitanukonda987@gmail.com
2020-08-13 17:30:57,388 INFO  [log] Sravani
2020-08-13 17:30:57,400 INFO  [log] Tanukonda
2020-08-13 17:31:07,787 INFO  [log] Status: FINISHED, time taken for TestCase was: 10130 ms
2020-08-13 17:31:07,823 INFO  [log] Number of test steps which ran: 6
2020-08-13 17:31:08,453 INFO  [log] sweety1234@gmail.com
2020-08-13 17:31:08,455 INFO  [log] sweety
2020-08-13 17:31:08,456 INFO  [log] priya
2020-08-13 17:31:17,597 INFO  [log] Status: FINISHED, time taken for TestCase was: 9099 ms
2020-08-13 17:31:17,598 INFO  [log] Number of test steps which ran: 6
2020-08-13 17:31:18,467 INFO  [log] 
2020-08-13 17:31:27,432 INFO  [log] Status: FINISHED, time taken for TestCase was: 8679 ms
2020-08-13 17:31:27,433 INFO  [log] Number of test steps which ran: 6
2020-08-13 17:39:22,286 INFO  [log] 2 and 3
2020-08-13 17:39:22,378 INFO  [log] Sravanitanukonda987@gmail.com
2020-08-13 17:39:22,468 INFO  [log] Sravani
2020-08-13 17:39:22,489 INFO  [log] Tanukonda
2020-08-13 17:39:31,764 INFO  [log] Status: FINISHED, time taken for TestCase was: 8745 ms
2020-08-13 17:39:31,794 INFO  [log] Number of test steps which ran: 6
2020-08-13 17:39:32,325 INFO  [log] sweety1234@gmail.com
2020-08-13 17:39:32,326 INFO  [log] sweety
2020-08-13 17:39:32,327 INFO  [log] priya
2020-08-13 17:39:42,129 INFO  [log] Status: FINISHED, time taken for TestCase was: 9747 ms
2020-08-13 17:39:42,142 INFO  [log] Number of test steps which ran: 6
2020-08-13 17:39:43,355 INFO  [log] 
2020-08-13 17:39:52,019 INFO  [log] Status: FINISHED, time taken for TestCase was: 8471 ms
2020-08-13 17:39:52,026 INFO  [log] Number of test steps which ran: 6
2020-08-13 17:44:34,033 INFO  [log] 2 and 3
2020-08-13 17:44:34,068 INFO  [log] Sravanitanukonda987@gmail.com
2020-08-13 17:44:34,090 INFO  [log] Sravani
2020-08-13 17:44:34,111 INFO  [log] Tanukonda
2020-08-13 17:44:44,232 INFO  [log] Status: FINISHED, time taken for TestCase was: 9701 ms
2020-08-13 17:44:44,292 INFO  [log] Number of test steps which ran: 6
2020-08-13 17:44:45,254 INFO  [log] sweety1234@gmail.com
2020-08-13 17:44:45,263 INFO  [log] sweety
2020-08-13 17:44:45,265 INFO  [log] priya
2020-08-13 17:44:56,323 INFO  [log] Status: FINISHED, time taken for TestCase was: 10898 ms
2020-08-13 17:44:56,324 INFO  [log] Number of test steps which ran: 6
2020-08-13 17:44:57,546 INFO  [log] 5422
2020-08-13 17:45:14,052 INFO  [log] Status: FINISHED, time taken for TestCase was: 8148 ms
2020-08-13 17:45:14,061 INFO  [log] Number of test steps which ran: 6
